Vivado Simulator v2024.2.0
Copyright 1986-2022 Xilinx, Inc. All Rights Reserved.
Copyright 2022-2024 Advanced Micro Devices, Inc. All Rights Reserved.
Running: C:/Xilinx/Vivado/2024.2/bin/unwrapped/win64.o/xelab.exe --incr --debug typical --relax --mt 2 -L xil_defaultlib -L uvm -L unisims_ver -L unimacro_ver -L secureip --snapshot top_module_tb_behav xil_defaultlib.top_module_tb xil_defaultlib.glbl -log elaborate.log 
Using 2 slave threads.
Starting static elaboration
Pass Through NonSizing Optimizer
Completed static elaboration
Starting simulation data flow analysis
Completed simulation data flow analysis
Time Resolution for simulation is 1ps
Compiling package std.standard
Compiling package std.textio
Compiling package ieee.std_logic_1164
Compiling package ieee.numeric_std
Compiling package ieee.math_real
Compiling package xil_defaultlib.ram_pkg
Compiling architecture rtl of entity xil_defaultlib.spi_ram_controller_master [spi_ram_controller_master_defaul...]
Compiling architecture rtl of entity xil_defaultlib.spi_master [spi_master_default]
Compiling architecture rtl of entity xil_defaultlib.dp_ram [dp_ram_default]
Compiling architecture rtl of entity xil_defaultlib.spi_ram_controller_slave [spi_ram_controller_slave_default]
Compiling architecture rtl of entity xil_defaultlib.spi_slave [spi_slave_default]
Compiling architecture rtl of entity xil_defaultlib.top_module [top_module_default]
Compiling module xil_defaultlib.top_module_tb
Compiling module xil_defaultlib.glbl
Built simulation snapshot top_module_tb_behav
